<?xml version="1.0" encoding="UTF-8" ?>
<testsuite failures="1" time="3.654" errors="0" skipped="0" tests="2" name="org.vplus.cms.application.controller.ContentControllerTest">
  <properties>
[...]
</properties>
  <testcase time="0.408" classname="org.vplus.cms.application.controller.ContentControllerTest" name="shouldCreateController"/>
  <testcase time="3.213" classname="org.vplus.cms.application.controller.ContentControllerTest" name="shouldHaveTheProductsListAvailable">
    <failure message="expected:&lt;200&gt; but was:&lt;404&gt;" type="java.lang.AssertionError">java.lang.AssertionError: expected:&lt;200&gt; but was:&lt;404&gt;
	at org.junit.Assert.fail(Assert.java:88)
	at org.junit.Assert.failNotEquals(Assert.java:743)
	at org.junit.Assert.assertEquals(Assert.java:118)
	at org.junit.Assert.assertEquals(Assert.java:555)
	at org.junit.Assert.assertEquals(Assert.java:542)
	at org.vplus.cms.application.controller.ContentControllerTest.shouldHaveTheProductsListAvailable(ContentControllerTest.java:27)
	at sun.reflect.NativeMethodAccessorImpl.invoke0(Native Method)
	at sun.reflect.NativeMethodAccessorImpl.invoke(NativeMethodAccessorImpl.java:57)
	at sun.reflect.DelegatingMethodAccessorImpl.invoke(DelegatingMethodAccessorImpl.java:43)
	at java.lang.reflect.Method.invoke(Method.java:606)
	at org.junit.runners.model.FrameworkMethod$1.runReflectiveCall(FrameworkMethod.java:47)
	at org.junit.internal.runners.model.ReflectiveCallable.run(ReflectiveCallable.java:12)
	at org.junit.runners.model.FrameworkMethod.invokeExplosively(FrameworkMethod.java:44)
	at org.junit.internal.runners.statements.InvokeMethod.evaluate(InvokeMethod.java:17)
	at org.junit.internal.runners.statements.RunBefores.evaluate(RunBefores.java:26)
	at org.junit.runners.ParentRunner.runLeaf(ParentRunner.java:271)
	at org.junit.runners.BlockJUnit4ClassRunner.runChild(BlockJUnit4ClassRunner.java:70)
	at org.junit.runners.BlockJUnit4ClassRunner.runChild(BlockJUnit4ClassRunner.java:50)
	at org.junit.runners.ParentRunner$3.run(ParentRunner.java:238)
	at org.junit.runners.ParentRunner$1.schedule(ParentRunner.java:63)
	at org.junit.runners.ParentRunner.runChildren(ParentRunner.java:236)
	at org.junit.runners.ParentRunner.access$000(ParentRunner.java:53)
	at org.junit.runners.ParentRunner$2.evaluate(ParentRunner.java:229)
	at org.junit.runners.ParentRunner.run(ParentRunner.java:309)
	at org.apache.maven.surefire.junit4.JUnit4TestSet.execute(JUnit4TestSet.java:53)
	at org.apache.maven.surefire.junit4.JUnit4Provider.executeTestSet(JUnit4Provider.java:123)
	at org.apache.maven.surefire.junit4.JUnit4Provider.invoke(JUnit4Provider.java:104)
	at sun.reflect.NativeMethodAccessorImpl.invoke0(Native Method)
	at sun.reflect.NativeMethodAccessorImpl.invoke(NativeMethodAccessorImpl.java:57)
	at sun.reflect.DelegatingMethodAccessorImpl.invoke(DelegatingMethodAccessorImpl.java:43)
	at java.lang.reflect.Method.invoke(Method.java:606)
	at org.apache.maven.surefire.util.ReflectionUtils.invokeMethodWithArray(ReflectionUtils.java:164)
	at org.apache.maven.surefire.booter.ProviderFactory$ProviderProxy.invoke(ProviderFactory.java:110)
	at org.apache.maven.surefire.booter.SurefireStarter.invokeProvider(SurefireStarter.java:175)
	at org.apache.maven.surefire.booter.SurefireStarter.runSuitesInProcessWhenForked(SurefireStarter.java:107)
	at org.apache.maven.surefire.booter.ForkedBooter.main(ForkedBooter.java:68)
</failure>
    <system-out>23:06:24,808 DEBUG [eInterpolatorFactory] Initializing Bean Validator MessageInterpolator
23:06:24,911  INFO [RealVRaptor         ] Loading port 8080 with vraptor context at /home/denilson/workspace/vplus-cms/vplus-cms-admin/src/main/webapp
23:06:25,088  INFO [BasicConfiguration  ] Using class br.com.caelum.vraptor.ioc.guice.GuiceProvider as Container Provider
23:06:25,563 DEBUG [iceComponentRegistry] Binding class br.com.caelum.vraptor.converter.PrimitiveLongConverter to class br.com.caelum.vraptor.converter.PrimitiveLongConverter
23:06:25,567 DEBUG [iceComponentRegistry] Binding class br.com.caelum.vraptor.converter.PrimitiveBooleanConverter to class br.com.caelum.vraptor.converter.PrimitiveBooleanConverter
23:06:25,569 DEBUG [iceComponentRegistry] Binding class br.com.caelum.vraptor.converter.BigIntegerConverter to class br.com.caelum.vraptor.converter.BigIntegerConverter
23:06:25,571 DEBUG [iceComponentRegistry] Binding class br.com.caelum.vraptor.converter.PrimitiveDoubleConverter to class br.com.caelum.vraptor.converter.PrimitiveDoubleConverter
23:06:25,574 DEBUG [iceComponentRegistry] Binding class br.com.caelum.vraptor.converter.LocaleBasedDateConverter to class br.com.caelum.vraptor.converter.LocaleBasedDateConverter
23:06:25,576 DEBUG [iceComponentRegistry] Binding class br.com.caelum.vraptor.converter.ByteConverter to class br.com.caelum.vraptor.converter.ByteConverter
23:06:25,579 DEBUG [iceComponentRegistry] Binding class br.com.caelum.vraptor.converter.PrimitiveFloatConverter to class br.com.caelum.vraptor.converter.PrimitiveFloatConverter
23:06:25,581 DEBUG [iceComponentRegistry] Binding class br.com.caelum.vraptor.converter.PrimitiveCharConverter to class br.com.caelum.vraptor.converter.PrimitiveCharConverter
23:06:25,583 DEBUG [iceComponentRegistry] Binding class br.com.caelum.vraptor.converter.FloatConverter to class br.com.caelum.vraptor.converter.FloatConverter
23:06:25,585 DEBUG [iceComponentRegistry] Binding class br.com.caelum.vraptor.converter.IntegerConverter to class br.com.caelum.vraptor.converter.IntegerConverter
23:06:25,587 DEBUG [iceComponentRegistry] Binding class br.com.caelum.vraptor.converter.BooleanConverter to class br.com.caelum.vraptor.converter.BooleanConverter
23:06:25,589 DEBUG [iceComponentRegistry] Binding class br.com.caelum.vraptor.converter.ShortConverter to class br.com.caelum.vraptor.converter.ShortConverter
23:06:25,591 DEBUG [iceComponentRegistry] Binding class br.com.caelum.vraptor.converter.LocaleBasedCalendarConverter to class br.com.caelum.vraptor.converter.LocaleBasedCalendarConverter
23:06:25,594 DEBUG [iceComponentRegistry] Binding class br.com.caelum.vraptor.interceptor.multipart.UploadedFileConverter to class br.com.caelum.vraptor.interceptor.multipart.UploadedFileConverter
23:06:25,596 DEBUG [iceComponentRegistry] Binding class br.com.caelum.vraptor.converter.PrimitiveShortConverter to class br.com.caelum.vraptor.converter.PrimitiveShortConverter
23:06:25,598 DEBUG [iceComponentRegistry] Binding class br.com.caelum.vraptor.converter.StringConverter to class br.com.caelum.vraptor.converter.StringConverter
23:06:25,601 DEBUG [iceComponentRegistry] Binding class br.com.caelum.vraptor.converter.BigDecimalConverter to class br.com.caelum.vraptor.converter.BigDecimalConverter
23:06:25,603 DEBUG [iceComponentRegistry] Binding class br.com.caelum.vraptor.converter.PrimitiveIntConverter to class br.com.caelum.vraptor.converter.PrimitiveIntConverter
23:06:25,605 DEBUG [iceComponentRegistry] Binding class br.com.caelum.vraptor.converter.LongConverter to class br.com.caelum.vraptor.converter.LongConverter
23:06:25,608 DEBUG [iceComponentRegistry] Binding class br.com.caelum.vraptor.converter.PrimitiveByteConverter to class br.com.caelum.vraptor.converter.PrimitiveByteConverter
23:06:25,610 DEBUG [iceComponentRegistry] Binding class br.com.caelum.vraptor.converter.EnumConverter to class br.com.caelum.vraptor.converter.EnumConverter
23:06:25,613 DEBUG [iceComponentRegistry] Binding class br.com.caelum.vraptor.converter.DoubleConverter to class br.com.caelum.vraptor.converter.DoubleConverter
23:06:25,615 DEBUG [iceComponentRegistry] Binding class br.com.caelum.vraptor.converter.CharacterConverter to class br.com.caelum.vraptor.converter.CharacterConverter
23:06:25,617 DEBUG [iceComponentRegistry] Binding class br.com.caelum.vraptor.ioc.ResourceHandler to class br.com.caelum.vraptor.ioc.ResourceHandler
23:06:25,621 DEBUG [iceComponentRegistry] Binding class br.com.caelum.vraptor.ioc.ConverterHandler to class br.com.caelum.vraptor.ioc.ConverterHandler
23:06:25,623 DEBUG [iceComponentRegistry] Binding class br.com.caelum.vraptor.ioc.InterceptorStereotypeHandler to class br.com.caelum.vraptor.ioc.InterceptorStereotypeHandler
23:06:25,626 DEBUG [iceComponentRegistry] Binding class br.com.caelum.vraptor.deserialization.DeserializesHandler to class br.com.caelum.vraptor.deserialization.DeserializesHandler
23:06:25,628 DEBUG [iceComponentRegistry] Binding class br.com.caelum.vraptor.serialization.xstream.XStreamXMLSerialization to class br.com.caelum.vraptor.serialization.xstream.XStreamXMLSerialization
23:06:25,629 DEBUG [iceComponentRegistry] Binding class br.com.caelum.vraptor.serialization.xstream.XStreamJSONSerialization to class br.com.caelum.vraptor.serialization.xstream.XStreamJSONSerialization
23:06:25,635  INFO [BasicConfiguration  ] br.com.caelum.vraptor.scanning = null
23:06:25,635  INFO [bAppBootstrapFactory] Dynamic WebAppBootstrap found.
23:06:25,876 DEBUG [iceComponentRegistry] Binding class br.com.caelum.vraptor.environment.ServletBasedEnvironment to class br.com.caelum.vraptor.environment.ServletBasedEnvironment
23:06:25,880 DEBUG [iceComponentRegistry] Ignoring binding of class br.com.caelum.vraptor.environment.ServletBasedEnvironment to class br.com.caelum.vraptor.environment.ServletBasedEnvironment
23:06:25,880 DEBUG [iceComponentRegistry] Binding class br.com.caelum.vraptor.environment.DefaultEnvironment to class br.com.caelum.vraptor.environment.ServletBasedEnvironment
23:06:25,880 DEBUG [iceComponentRegistry] Binding interface br.com.caelum.vraptor.environment.Environment to class br.com.caelum.vraptor.environment.ServletBasedEnvironment
23:06:25,881 DEBUG [iceComponentRegistry] Binding class org.vplus.core.persistence.DBSave to class org.vplus.core.persistence.DBSave
23:06:25,889 DEBUG [iceComponentRegistry] Ignoring binding of class org.vplus.core.persistence.DBSave to class org.vplus.core.persistence.DBSave
23:06:25,889 DEBUG [iceComponentRegistry] Binding interface org.vplus.core.persistence.Dao to class org.vplus.core.persistence.DBSave
23:06:25,890 DEBUG [iceComponentRegistry] Binding class br.com.caelum.vraptor.serialization.gson.GsonSerializee to class br.com.caelum.vraptor.serialization.gson.GsonSerializee
23:06:25,893 DEBUG [iceComponentRegistry] Ignoring binding of class br.com.caelum.vraptor.serialization.gson.GsonSerializee to class br.com.caelum.vraptor.serialization.gson.GsonSerializee
23:06:25,893 DEBUG [iceComponentRegistry] Binding class br.com.caelum.vraptor.serialization.xstream.Serializee to class br.com.caelum.vraptor.serialization.gson.GsonSerializee
23:06:25,895 DEBUG [iceComponentRegistry] Binding class br.com.caelum.vraptor.deserialization.gson.GsonDeserialization to class br.com.caelum.vraptor.deserialization.gson.GsonDeserialization
23:06:25,899 DEBUG [iceComponentRegistry] Ignoring binding of class br.com.caelum.vraptor.deserialization.gson.GsonDeserialization to class br.com.caelum.vraptor.deserialization.gson.GsonDeserialization
23:06:25,899 DEBUG [iceComponentRegistry] Binding interface br.com.caelum.vraptor.deserialization.Deserializer to class br.com.caelum.vraptor.deserialization.gson.GsonDeserialization
23:06:25,900 DEBUG [iceComponentRegistry] Binding class br.com.caelum.vraptor.util.jpa.extra.ParameterLoaderInterceptor to class br.com.caelum.vraptor.util.jpa.extra.ParameterLoaderInterceptor
23:06:25,902 DEBUG [iceComponentRegistry] Ignoring binding of class br.com.caelum.vraptor.util.jpa.extra.ParameterLoaderInterceptor to class br.com.caelum.vraptor.util.jpa.extra.ParameterLoaderInterceptor
23:06:25,903 DEBUG [iceComponentRegistry] Binding interface br.com.caelum.vraptor.interceptor.Interceptor to class br.com.caelum.vraptor.util.jpa.extra.ParameterLoaderInterceptor
23:06:25,903 DEBUG [iceComponentRegistry] Binding class org.vplus.core.deserialization.CalendarSerializer to class org.vplus.core.deserialization.CalendarSerializer
23:06:25,906 DEBUG [iceComponentRegistry] Ignoring binding of class org.vplus.core.deserialization.CalendarSerializer to class org.vplus.core.deserialization.CalendarSerializer
23:06:25,906 DEBUG [iceComponentRegistry] Binding interface com.google.gson.JsonSerializer to class org.vplus.core.deserialization.CalendarSerializer
23:06:25,907 DEBUG [iceComponentRegistry] Binding class br.com.caelum.vraptor.util.jpa.JPATransactionInterceptor to class br.com.caelum.vraptor.util.jpa.JPATransactionInterceptor
23:06:25,909 DEBUG [iceComponentRegistry] Ignoring binding of class br.com.caelum.vraptor.util.jpa.JPATransactionInterceptor to class br.com.caelum.vraptor.util.jpa.JPATransactionInterceptor
23:06:25,909 DEBUG [iceComponentRegistry] Ignoring binding of interface br.com.caelum.vraptor.interceptor.Interceptor to class br.com.caelum.vraptor.util.jpa.JPATransactionInterceptor
23:06:25,911 DEBUG [iceComponentRegistry] Binding class org.vplus.core.controller.ActionSave to class org.vplus.core.controller.ActionSave
23:06:25,915 DEBUG [iceComponentRegistry] Ignoring binding of class org.vplus.core.controller.ActionSave to class org.vplus.core.controller.ActionSave
23:06:25,915 DEBUG [iceComponentRegistry] Binding class org.vplus.core.controller.AbstractAction to class org.vplus.core.controller.ActionSave
23:06:25,915 DEBUG [iceComponentRegistry] Binding interface org.vplus.core.controller.Action to class org.vplus.core.controller.ActionSave
23:06:25,916 DEBUG [iceComponentRegistry] Binding class br.com.caelum.vraptor.deserialization.gson.DefaultJsonDeserializers to class br.com.caelum.vraptor.deserialization.gson.DefaultJsonDeserializers
23:06:25,919 DEBUG [iceComponentRegistry] Ignoring binding of class br.com.caelum.vraptor.deserialization.gson.DefaultJsonDeserializers to class br.com.caelum.vraptor.deserialization.gson.DefaultJsonDeserializers
23:06:25,919 DEBUG [iceComponentRegistry] Binding interface br.com.caelum.vraptor.deserialization.gson.JsonDeserializers to class br.com.caelum.vraptor.deserialization.gson.DefaultJsonDeserializers
23:06:25,920 DEBUG [iceComponentRegistry] Binding class org.vplus.core.persistence.DBDelete to class org.vplus.core.persistence.DBDelete
23:06:25,922 DEBUG [iceComponentRegistry] Ignoring binding of class org.vplus.core.persistence.DBDelete to class org.vplus.core.persistence.DBDelete
23:06:25,922 DEBUG [iceComponentRegistry] Ignoring binding of interface org.vplus.core.persistence.Dao to class org.vplus.core.persistence.DBDelete
23:06:25,923 DEBUG [iceComponentRegistry] Binding class org.vplus.core.controller.ActionDelete to class org.vplus.core.controller.ActionDelete
23:06:25,926 DEBUG [iceComponentRegistry] Ignoring binding of class org.vplus.core.controller.ActionDelete to class org.vplus.core.controller.ActionDelete
23:06:25,926 DEBUG [iceComponentRegistry] Ignoring binding of class org.vplus.core.controller.AbstractAction to class org.vplus.core.controller.ActionDelete
23:06:25,926 DEBUG [iceComponentRegistry] Ignoring binding of interface org.vplus.core.controller.Action to class org.vplus.core.controller.ActionDelete
23:06:25,926 DEBUG [iceComponentRegistry] Binding class br.com.caelum.vraptor.environment.EnvironmentController to class br.com.caelum.vraptor.environment.EnvironmentController
23:06:25,936 DEBUG [iceComponentRegistry] Ignoring binding of class br.com.caelum.vraptor.environment.EnvironmentController to class br.com.caelum.vraptor.environment.EnvironmentController
23:06:25,937 DEBUG [iceComponentRegistry] Binding class br.com.caelum.vraptor.util.jpa.EntityManagerFactoryCreator to class br.com.caelum.vraptor.util.jpa.EntityManagerFactoryCreator
23:06:25,939 DEBUG [iceComponentRegistry] Ignoring binding of class br.com.caelum.vraptor.util.jpa.EntityManagerFactoryCreator to class br.com.caelum.vraptor.util.jpa.EntityManagerFactoryCreator
23:06:25,939 DEBUG [iceComponentRegistry] Binding interface br.com.caelum.vraptor.ioc.ComponentFactory to class br.com.caelum.vraptor.util.jpa.EntityManagerFactoryCreator
23:06:25,940 DEBUG [iceComponentRegistry] Binding class br.com.caelum.vraptor.serialization.gson.adapters.CalendarSerializer to class br.com.caelum.vraptor.serialization.gson.adapters.CalendarSerializer
23:06:25,942 DEBUG [iceComponentRegistry] Ignoring binding of class br.com.caelum.vraptor.serialization.gson.adapters.CalendarSerializer to class br.com.caelum.vraptor.serialization.gson.adapters.CalendarSerializer
23:06:25,942 DEBUG [iceComponentRegistry] Ignoring binding of interface com.google.gson.JsonSerializer to class br.com.caelum.vraptor.serialization.gson.adapters.CalendarSerializer
23:06:25,943 DEBUG [iceComponentRegistry] Binding class org.vplus.core.deserialization.CalendarDeserializer to class org.vplus.core.deserialization.CalendarDeserializer
23:06:25,946 DEBUG [iceComponentRegistry] Ignoring binding of class org.vplus.core.deserialization.CalendarDeserializer to class org.vplus.core.deserialization.CalendarDeserializer
23:06:25,946 DEBUG [iceComponentRegistry] Binding interface com.google.gson.JsonDeserializer to class org.vplus.core.deserialization.CalendarDeserializer
23:06:25,947 DEBUG [iceComponentRegistry] Binding class org.vplus.core.deserialization.GsonPlus to class org.vplus.core.deserialization.GsonPlus
23:06:25,949 DEBUG [iceComponentRegistry] Ignoring binding of class org.vplus.core.deserialization.GsonPlus to class org.vplus.core.deserialization.GsonPlus
23:06:25,949 DEBUG [iceComponentRegistry] Ignoring binding of interface br.com.caelum.vraptor.deserialization.Deserializer to class org.vplus.core.deserialization.GsonPlus
23:06:25,949 DEBUG [iceComponentRegistry] Binding class br.com.caelum.vraptor.serialization.gson.VRaptorGsonBuilder to class br.com.caelum.vraptor.serialization.gson.VRaptorGsonBuilder
23:06:25,952 DEBUG [iceComponentRegistry] Ignoring binding of class br.com.caelum.vraptor.serialization.gson.VRaptorGsonBuilder to class br.com.caelum.vraptor.serialization.gson.VRaptorGsonBuilder
23:06:25,953 DEBUG [iceComponentRegistry] Binding class br.com.caelum.vraptor.freemarker.FreemarkerView to class br.com.caelum.vraptor.freemarker.FreemarkerView
23:06:25,954 DEBUG [iceComponentRegistry] Ignoring binding of class br.com.caelum.vraptor.freemarker.FreemarkerView to class br.com.caelum.vraptor.freemarker.FreemarkerView
23:06:25,954 DEBUG [iceComponentRegistry] Binding interface br.com.caelum.vraptor.View to class br.com.caelum.vraptor.freemarker.FreemarkerView
23:06:25,955 DEBUG [iceComponentRegistry] Binding class org.vplus.core.controller.CrudImpl to class org.vplus.core.controller.CrudImpl
23:06:25,958 DEBUG [iceComponentRegistry] Ignoring binding of class org.vplus.core.controller.CrudImpl to class org.vplus.core.controller.CrudImpl
23:06:25,958 DEBUG [iceComponentRegistry] Binding interface org.vplus.core.controller.Crud to class org.vplus.core.controller.CrudImpl
23:06:25,959 DEBUG [iceComponentRegistry] Binding class org.vplus.core.controller.ActionFacadeImpl to class org.vplus.core.controller.ActionFacadeImpl
23:06:25,961 DEBUG [iceComponentRegistry] Ignoring binding of class org.vplus.core.controller.ActionFacadeImpl to class org.vplus.core.controller.ActionFacadeImpl
23:06:25,961 DEBUG [iceComponentRegistry] Binding interface org.vplus.core.controller.ActionFacade to class org.vplus.core.controller.ActionFacadeImpl
23:06:25,962 DEBUG [iceComponentRegistry] Binding class org.vplus.core.persistence.DBLoad to class org.vplus.core.persistence.DBLoad
23:06:25,963 DEBUG [iceComponentRegistry] Ignoring binding of class org.vplus.core.persistence.DBLoad to class org.vplus.core.persistence.DBLoad
23:06:25,963 DEBUG [iceComponentRegistry] Ignoring binding of interface org.vplus.core.persistence.Dao to class org.vplus.core.persistence.DBLoad
23:06:25,964 DEBUG [iceComponentRegistry] Binding class br.com.caelum.vraptor.environment.EnvironmentInterceptor to class br.com.caelum.vraptor.environment.EnvironmentInterceptor
23:06:25,965 DEBUG [iceComponentRegistry] Ignoring binding of class br.com.caelum.vraptor.environment.EnvironmentInterceptor to class br.com.caelum.vraptor.environment.EnvironmentInterceptor
23:06:25,965 DEBUG [iceComponentRegistry] Ignoring binding of interface br.com.caelum.vraptor.interceptor.Interceptor to class br.com.caelum.vraptor.environment.EnvironmentInterceptor
23:06:25,966 DEBUG [iceComponentRegistry] Binding class org.vplus.core.persistence.PersistenceImpl to class org.vplus.core.persistence.PersistenceImpl
23:06:25,967 DEBUG [iceComponentRegistry] Ignoring binding of class org.vplus.core.persistence.PersistenceImpl to class org.vplus.core.persistence.PersistenceImpl
23:06:25,967 DEBUG [iceComponentRegistry] Binding interface org.vplus.core.persistence.Persistence to class org.vplus.core.persistence.PersistenceImpl
23:06:25,967 DEBUG [iceComponentRegistry] Binding class org.vplus.core.util.TypeUtil to class org.vplus.core.util.TypeUtil
23:06:25,969 DEBUG [iceComponentRegistry] Ignoring binding of class org.vplus.core.util.TypeUtil to class org.vplus.core.util.TypeUtil
23:06:25,970 DEBUG [iceComponentRegistry] Binding class br.com.caelum.vraptor.serialization.gson.GsonJSONSerialization to class br.com.caelum.vraptor.serialization.gson.GsonJSONSerialization
23:06:25,972 DEBUG [iceComponentRegistry] Ignoring binding of class br.com.caelum.vraptor.serialization.gson.GsonJSONSerialization to class br.com.caelum.vraptor.serialization.gson.GsonJSONSerialization
23:06:25,972 DEBUG [iceComponentRegistry] Binding interface br.com.caelum.vraptor.serialization.JSONSerialization to class br.com.caelum.vraptor.serialization.gson.GsonJSONSerialization
23:06:25,972 DEBUG [iceComponentRegistry] Binding interface br.com.caelum.vraptor.serialization.Serialization to class br.com.caelum.vraptor.serialization.gson.GsonJSONSerialization
23:06:25,972 DEBUG [iceComponentRegistry] Binding interface br.com.caelum.vraptor.serialization.NoRootSerialization to class br.com.caelum.vraptor.serialization.gson.GsonJSONSerialization
23:06:25,972 DEBUG [iceComponentRegistry] Ignoring binding of interface br.com.caelum.vraptor.View to class br.com.caelum.vraptor.serialization.gson.GsonJSONSerialization
23:06:25,974 DEBUG [iceComponentRegistry] Binding class org.vplus.core.persistence.DBList to class org.vplus.core.persistence.DBList
23:06:25,978 DEBUG [iceComponentRegistry] Ignoring binding of class org.vplus.core.persistence.DBList to class org.vplus.core.persistence.DBList
23:06:25,979 DEBUG [iceComponentRegistry] Ignoring binding of interface org.vplus.core.persistence.Dao to class org.vplus.core.persistence.DBList
23:06:25,979 DEBUG [iceComponentRegistry] Binding class org.vplus.core.util.JPAUtil to class org.vplus.core.util.JPAUtil
23:06:25,984 DEBUG [iceComponentRegistry] Ignoring binding of class org.vplus.core.util.JPAUtil to class org.vplus.core.util.JPAUtil
23:06:25,985 DEBUG [iceComponentRegistry] Binding class br.com.caelum.vraptor.util.jpa.EntityManagerCreator to class br.com.caelum.vraptor.util.jpa.EntityManagerCreator
23:06:25,987 DEBUG [iceComponentRegistry] Ignoring binding of class br.com.caelum.vraptor.util.jpa.EntityManagerCreator to class br.com.caelum.vraptor.util.jpa.EntityManagerCreator
23:06:25,987 DEBUG [iceComponentRegistry] Ignoring binding of interface br.com.caelum.vraptor.ioc.ComponentFactory to class br.com.caelum.vraptor.util.jpa.EntityManagerCreator
23:06:25,988 DEBUG [iceComponentRegistry] Binding class org.vplus.core.controller.ActionList to class org.vplus.core.controller.ActionList
23:06:25,990 DEBUG [iceComponentRegistry] Ignoring binding of class org.vplus.core.controller.ActionList to class org.vplus.core.controller.ActionList
23:06:25,990 DEBUG [iceComponentRegistry] Ignoring binding of class org.vplus.core.controller.AbstractAction to class org.vplus.core.controller.ActionList
23:06:25,991 DEBUG [iceComponentRegistry] Ignoring binding of interface org.vplus.core.controller.Action to class org.vplus.core.controller.ActionList
23:06:25,991 DEBUG [iceComponentRegistry] Binding class br.com.caelum.vraptor.freemarker.FreemarkerEngine to class br.com.caelum.vraptor.freemarker.FreemarkerEngine
23:06:25,993 DEBUG [iceComponentRegistry] Ignoring binding of class br.com.caelum.vraptor.freemarker.FreemarkerEngine to class br.com.caelum.vraptor.freemarker.FreemarkerEngine
23:06:25,993 DEBUG [iceComponentRegistry] Binding interface br.com.caelum.vraptor.freemarker.Freemarker to class br.com.caelum.vraptor.freemarker.FreemarkerEngine
23:06:25,994 DEBUG [iceComponentRegistry] Binding class org.vplus.core.controller.ActionLoad to class org.vplus.core.controller.ActionLoad
23:06:25,996 DEBUG [iceComponentRegistry] Ignoring binding of class org.vplus.core.controller.ActionLoad to class org.vplus.core.controller.ActionLoad
23:06:25,996 DEBUG [iceComponentRegistry] Ignoring binding of class org.vplus.core.controller.AbstractAction to class org.vplus.core.controller.ActionLoad
23:06:25,996 DEBUG [iceComponentRegistry] Ignoring binding of interface org.vplus.core.controller.Action to class org.vplus.core.controller.ActionLoad
23:06:25,997 DEBUG [iceComponentRegistry] Binding class br.com.caelum.vraptor.freemarker.FreemarkerConfiguration to class br.com.caelum.vraptor.freemarker.FreemarkerConfiguration
23:06:25,999 DEBUG [iceComponentRegistry] Ignoring binding of class br.com.caelum.vraptor.freemarker.FreemarkerConfiguration to class br.com.caelum.vraptor.freemarker.FreemarkerConfiguration
23:06:26,000 DEBUG [iceComponentRegistry] Binding class org.vplus.core.model.StatusFilter to class org.vplus.core.model.StatusFilter
23:06:26,001 DEBUG [iceComponentRegistry] Ignoring binding of class org.vplus.core.model.StatusFilter to class org.vplus.core.model.StatusFilter
23:06:26,002 DEBUG [iceComponentRegistry] Binding interface java.io.Serializable to class org.vplus.core.model.StatusFilter
23:06:26,002 DEBUG [iceComponentRegistry] Binding class br.com.caelum.vraptor.serialization.gson.adapters.MessageSerializer to class br.com.caelum.vraptor.serialization.gson.adapters.MessageSerializer
23:06:26,004 DEBUG [iceComponentRegistry] Ignoring binding of class br.com.caelum.vraptor.serialization.gson.adapters.MessageSerializer to class br.com.caelum.vraptor.serialization.gson.adapters.MessageSerializer
23:06:26,004 DEBUG [iceComponentRegistry] Ignoring binding of interface com.google.gson.JsonSerializer to class br.com.caelum.vraptor.serialization.gson.adapters.MessageSerializer
23:06:26,005 DEBUG [iceComponentRegistry] Binding class br.com.caelum.vraptor.serialization.gson.DefaultJsonSerializers to class br.com.caelum.vraptor.serialization.gson.DefaultJsonSerializers
23:06:26,007 DEBUG [iceComponentRegistry] Ignoring binding of class br.com.caelum.vraptor.serialization.gson.DefaultJsonSerializers to class br.com.caelum.vraptor.serialization.gson.DefaultJsonSerializers
23:06:26,008 DEBUG [iceComponentRegistry] Binding interface br.com.caelum.vraptor.serialization.gson.JsonSerializers to class br.com.caelum.vraptor.serialization.gson.DefaultJsonSerializers
23:06:26,008 DEBUG [iceComponentRegistry] Binding class br.com.caelum.vraptor.serialization.gson.adapters.CalendarDeserializer to class br.com.caelum.vraptor.serialization.gson.adapters.CalendarDeserializer
23:06:26,010 DEBUG [iceComponentRegistry] Ignoring binding of class br.com.caelum.vraptor.serialization.gson.adapters.CalendarDeserializer to class br.com.caelum.vraptor.serialization.gson.adapters.CalendarDeserializer
23:06:26,010 DEBUG [iceComponentRegistry] Ignoring binding of interface com.google.gson.JsonDeserializer to class br.com.caelum.vraptor.serialization.gson.adapters.CalendarDeserializer
23:06:26,010 DEBUG [iceComponentRegistry] Binding class org.vplus.core.controller.ControllerImpl to class org.vplus.core.controller.ControllerImpl
23:06:26,012 DEBUG [iceComponentRegistry] Ignoring binding of class org.vplus.core.controller.ControllerImpl to class org.vplus.core.controller.ControllerImpl
23:06:26,012 DEBUG [iceComponentRegistry] Binding interface org.vplus.core.controller.Controller to class org.vplus.core.controller.ControllerImpl
23:06:26,069 DEBUG [opeLifecycleListener] Registering lifecycle listeners for br.com.caelum.vraptor.environment.ServletBasedEnvironment
23:06:26,071 DEBUG [opeLifecycleListener] Registering lifecycle listeners for org.vplus.core.persistence.DBSave
23:06:26,071 DEBUG [opeLifecycleListener] Registering lifecycle listeners for br.com.caelum.vraptor.serialization.gson.GsonSerializee
23:06:26,071 DEBUG [opeLifecycleListener] Registering lifecycle listeners for br.com.caelum.vraptor.deserialization.gson.GsonDeserialization
23:06:26,072 DEBUG [opeLifecycleListener] Registering lifecycle listeners for br.com.caelum.vraptor.util.jpa.extra.ParameterLoaderInterceptor
23:06:26,072 DEBUG [opeLifecycleListener] Registering lifecycle listeners for org.vplus.core.deserialization.CalendarSerializer
23:06:26,072 DEBUG [opeLifecycleListener] Registering lifecycle listeners for br.com.caelum.vraptor.util.jpa.JPATransactionInterceptor
23:06:26,073 DEBUG [opeLifecycleListener] Registering lifecycle listeners for org.vplus.core.controller.ActionSave
23:06:26,073 DEBUG [opeLifecycleListener] Registering lifecycle listeners for br.com.caelum.vraptor.deserialization.gson.DefaultJsonDeserializers
23:06:26,073 DEBUG [opeLifecycleListener] Registering lifecycle listeners for org.vplus.core.persistence.DBDelete
23:06:26,073 DEBUG [opeLifecycleListener] Registering lifecycle listeners for org.vplus.core.controller.ActionDelete
23:06:26,074 DEBUG [opeLifecycleListener] Registering lifecycle listeners for br.com.caelum.vraptor.environment.EnvironmentController
23:06:26,074 DEBUG [opeLifecycleListener] Registering lifecycle listeners for br.com.caelum.vraptor.util.jpa.EntityManagerFactoryCreator
23:06:26,075 DEBUG [opeLifecycleListener] Registering lifecycle listeners for br.com.caelum.vraptor.serialization.gson.adapters.CalendarSerializer
23:06:26,076 DEBUG [opeLifecycleListener] Registering lifecycle listeners for org.vplus.core.deserialization.CalendarDeserializer
23:06:26,076 DEBUG [opeLifecycleListener] Registering lifecycle listeners for org.vplus.core.deserialization.GsonPlus
23:06:26,076 DEBUG [opeLifecycleListener] Registering lifecycle listeners for br.com.caelum.vraptor.serialization.gson.VRaptorGsonBuilder
23:06:26,076 DEBUG [opeLifecycleListener] Registering lifecycle listeners for br.com.caelum.vraptor.freemarker.FreemarkerView
23:06:26,077 DEBUG [opeLifecycleListener] Registering lifecycle listeners for org.vplus.core.controller.CrudImpl
23:06:26,077 DEBUG [opeLifecycleListener] Registering lifecycle listeners for org.vplus.core.controller.ActionFacadeImpl
23:06:26,077 DEBUG [opeLifecycleListener] Registering lifecycle listeners for org.vplus.core.persistence.DBLoad
23:06:26,078 DEBUG [opeLifecycleListener] Registering lifecycle listeners for br.com.caelum.vraptor.environment.EnvironmentInterceptor
23:06:26,078 DEBUG [opeLifecycleListener] Registering lifecycle listeners for org.vplus.core.persistence.PersistenceImpl
23:06:26,078 DEBUG [opeLifecycleListener] Registering lifecycle listeners for org.vplus.core.util.TypeUtil
23:06:26,078 DEBUG [opeLifecycleListener] Registering lifecycle listeners for br.com.caelum.vraptor.serialization.gson.GsonJSONSerialization
23:06:26,079 DEBUG [opeLifecycleListener] Registering lifecycle listeners for org.vplus.core.persistence.DBList
23:06:26,079 DEBUG [opeLifecycleListener] Registering lifecycle listeners for org.vplus.core.util.JPAUtil
23:06:26,080 DEBUG [opeLifecycleListener] Registering lifecycle listeners for br.com.caelum.vraptor.util.jpa.EntityManagerCreator
23:06:26,080 DEBUG [opeLifecycleListener] Registering lifecycle listeners for org.vplus.core.controller.ActionList
23:06:26,081 DEBUG [opeLifecycleListener] Registering lifecycle listeners for br.com.caelum.vraptor.freemarker.FreemarkerEngine
23:06:26,081 DEBUG [opeLifecycleListener] Registering lifecycle listeners for org.vplus.core.controller.ActionLoad
23:06:26,081 DEBUG [opeLifecycleListener] Registering lifecycle listeners for br.com.caelum.vraptor.freemarker.FreemarkerConfiguration
23:06:26,082 DEBUG [opeLifecycleListener] Registering lifecycle listeners for org.vplus.core.model.StatusFilter
23:06:26,082 DEBUG [opeLifecycleListener] Registering lifecycle listeners for br.com.caelum.vraptor.serialization.gson.adapters.MessageSerializer
23:06:26,082 DEBUG [opeLifecycleListener] Registering lifecycle listeners for br.com.caelum.vraptor.serialization.gson.DefaultJsonSerializers
23:06:26,082 DEBUG [opeLifecycleListener] Registering lifecycle listeners for br.com.caelum.vraptor.serialization.gson.adapters.CalendarDeserializer
23:06:26,083 DEBUG [opeLifecycleListener] Registering lifecycle listeners for org.vplus.core.controller.ControllerImpl
23:06:26,083 DEBUG [opeLifecycleListener] Registering lifecycle listeners for br.com.caelum.vraptor.resource.DefaultResourceNotFoundHandler
23:06:26,083 DEBUG [opeLifecycleListener] Registering lifecycle listeners for br.com.caelum.vraptor.proxy.JavassistProxifier
23:06:26,083 DEBUG [opeLifecycleListener] Registering lifecycle listeners for br.com.caelum.vraptor.http.route.DefaultTypeFinder
23:06:26,084 DEBUG [opeLifecycleListener] Registering lifecycle listeners for br.com.caelum.vraptor.view.DefaultAcceptHeaderToFormat
23:06:26,084 DEBUG [opeLifecycleListener] Registering lifecycle listeners for br.com.caelum.vraptor.resource.DefaultMethodNotAllowedHandler
23:06:26,084 DEBUG [opeLifecycleListener] Registering lifecycle listeners for br.com.caelum.vraptor.interceptor.DefaultTypeNameExtractor
23:06:26,084 DEBUG [opeLifecycleListener] Registering lifecycle listeners for br.com.caelum.vraptor.http.route.DefaultRouter
23:06:26,085 DEBUG [opeLifecycleListener] Registering lifecycle listeners for br.com.caelum.vraptor.http.DefaultResourceTranslator
23:06:26,085 DEBUG [opeLifecycleListener] Registering lifecycle listeners for br.com.caelum.vraptor.validator.DIConstraintValidatorFactory
23:06:26,085 DEBUG [opeLifecycleListener] Registering lifecycle listeners for br.com.caelum.vraptor.interceptor.multipart.DefaultMultipartConfig
23:06:26,085 DEBUG [opeLifecycleListener] Registering lifecycle listeners for br.com.caelum.vraptor.restfulie.headers.DefaultRestDefaults
23:06:26,086 DEBUG [opeLifecycleListener] Registering lifecycle listeners for br.com.caelum.vraptor.core.DefaultStaticContentHandler
23:06:26,086 DEBUG [opeLifecycleListener] Registering lifecycle listeners for br.com.caelum.vraptor.validator.MessageInterpolatorFactory
23:06:26,086 DEBUG [opeLifecycleListener] Registering lifecycle listeners for br.com.caelum.vraptor.serialization.xstream.XStreamConverters$NullConverter
23:06:26,086 DEBUG [opeLifecycleListener] Registering lifecycle listeners for br.com.caelum.vraptor.http.route.JavaEvaluator
23:06:26,087 DEBUG [opeLifecycleListener] Registering lifecycle listeners for br.com.caelum.vraptor.validator.MethodValidatorFactoryCreator
23:06:26,087 DEBUG [opeLifecycleListener] Registering lifecycle listeners for br.com.caelum.vraptor.validator.ValidatorCreator
23:06:26,087 DEBUG [opeLifecycleListener] Registering lifecycle listeners for br.com.caelum.vraptor.http.iogi.VRaptorDependencyProvider
23:06:26,088 DEBUG [opeLifecycleListener] Registering lifecycle listeners for br.com.caelum.vraptor.interceptor.TopologicalSortedInterceptorRegistry
23:06:26,088 DEBUG [opeLifecycleListener] Registering lifecycle listeners for br.com.caelum.vraptor.http.EncodingHandlerFactory
23:06:26,088 DEBUG [opeLifecycleListener] Registering lifecycle listeners for br.com.caelum.vraptor.http.route.NoRoutesConfiguration
23:06:26,088 DEBUG [opeLifecycleListener] Registering lifecycle listeners for br.com.caelum.vraptor.core.DefaultConverters
23:06:26,089 DEBUG [opeLifecycleListener] Registering lifecycle listeners for br.com.caelum.vraptor.core.DefaultInterceptorHandlerFactory
23:06:26,089 DEBUG [opeLifecycleListener] Registering lifecycle listeners for br.com.caelum.vraptor.deserialization.DefaultDeserializers
23:06:26,089 DEBUG [opeLifecycleListener] Registering lifecycle listeners for br.com.caelum.vraptor.serialization.HibernateProxyInitializer
23:06:26,089 DEBUG [opeLifecycleListener] Registering lifecycle listeners for br.com.caelum.vraptor.core.DefaultRoutes
23:06:26,090 DEBUG [opeLifecycleListener] Registering lifecycle listeners for br.com.caelum.vraptor.http.ParanamerNameProvider
23:06:26,090 DEBUG [opeLifecycleListener] Registering lifecycle listeners for br.com.caelum.vraptor.proxy.ObjenesisInstanceCreator
23:06:26,090 DEBUG [opeLifecycleListener] Registering lifecycle listeners for br.com.caelum.vraptor.http.route.PathAnnotationRoutesParser
23:06:26,090 DEBUG [opeLifecycleListener] Registering lifecycle listeners for br.com.caelum.vraptor.core.EnhancedRequestExecution
23:06:26,091 DEBUG [opeLifecycleListener] Registering lifecycle listeners for br.com.caelum.vraptor.serialization.xstream.XStreamBuilderImpl
23:06:26,091 DEBUG [opeLifecycleListener] Registering lifecycle listeners for br.com.caelum.vraptor.core.DefaultInterceptorStack
23:06:26,091 DEBUG [opeLifecycleListener] Registering lifecycle listeners for br.com.caelum.vraptor.core.DefaultExceptionMapper
23:06:26,091 DEBUG [opeLifecycleListener] Registering lifecycle listeners for br.com.caelum.vraptor.restfulie.headers.DefaultRestHeadersHandler
23:06:26,092 DEBUG [opeLifecycleListener] Registering lifecycle listeners for br.com.caelum.vraptor.validator.DefaultValidator
23:06:26,092 DEBUG [opeLifecycleListener] Registering lifecycle listeners for br.com.caelum.vraptor.view.DefaultHttpResult
23:06:26,092 DEBUG [opeLifecycleListener] Registering lifecycle listeners for br.com.caelum.vraptor.interceptor.ResourceLookupInterceptor
23:06:26,093 DEBUG [opeLifecycleListener] Registering lifecycle listeners for br.com.caelum.vraptor.view.SessionFlashScope
23:06:26,093 DEBUG [opeLifecycleListener] Registering lifecycle listeners for br.com.caelum.vraptor.interceptor.multipart.Servlet3MultipartInterceptor
23:06:26,093 DEBUG [opeLifecycleListener] Registering lifecycle listeners for br.com.caelum.vraptor.serialization.I18nMessageSerialization
23:06:26,093 DEBUG [opeLifecycleListener] Registering lifecycle listeners for br.com.caelum.vraptor.interceptor.ForwardToDefaultViewInterceptor
23:06:26,094 DEBUG [opeLifecycleListener] Registering lifecycle listeners for br.com.caelum.vraptor.interceptor.OutjectResult
23:06:26,094 DEBUG [opeLifecycleListener] Registering lifecycle listeners for br.com.caelum.vraptor.interceptor.ExceptionHandlerInterceptor
23:06:26,094 DEBUG [opeLifecycleListener] Registering lifecycle listeners for br.com.caelum.vraptor.view.DefaultRefererResult
23:06:26,094 DEBUG [opeLifecycleListener] Registering lifecycle listeners for br.com.caelum.vraptor.http.iogi.IogiParametersProvider
23:06:26,095 DEBUG [opeLifecycleListener] Registering lifecycle listeners for br.com.caelum.vraptor.http.iogi.VRaptorInstantiator
23:06:26,095 DEBUG [opeLifecycleListener] Registering lifecycle listeners for br.com.caelum.vraptor.view.DefaultPathResolver
23:06:26,095 DEBUG [opeLifecycleListener] Registering lifecycle listeners for br.com.caelum.vraptor.interceptor.InstantiateInterceptor
23:06:26,095 DEBUG [opeLifecycleListener] Registering lifecycle listeners for br.com.caelum.vraptor.deserialization.FormDeserializer
23:06:26,096 DEBUG [opeLifecycleListener] Registering lifecycle listeners for br.com.caelum.vraptor.interceptor.ParametersInstantiatorInterceptor
23:06:26,096 DEBUG [opeLifecycleListener] Registering lifecycle listeners for br.com.caelum.vraptor.view.DefaultPageResult
23:06:26,097 DEBUG [opeLifecycleListener] Registering lifecycle listeners for br.com.caelum.vraptor.core.JstlLocalization
23:06:26,097 DEBUG [opeLifecycleListener] Registering lifecycle listeners for br.com.caelum.vraptor.http.DefaultFormatResolver
23:06:26,097 DEBUG [opeLifecycleListener] Registering lifecycle listeners for br.com.caelum.vraptor.config.ApplicationConfiguration
23:06:26,097 DEBUG [opeLifecycleListener] Registering lifecycle listeners for br.com.caelum.vraptor.interceptor.DeserializingInterceptor
23:06:26,098 DEBUG [opeLifecycleListener] Registering lifecycle listeners for br.com.caelum.vraptor.validator.MethodValidatorInterceptor
23:06:26,098 DEBUG [opeLifecycleListener] Registering lifecycle listeners for br.com.caelum.vraptor.view.DefaultValidationViewsFactory
23:06:26,098 DEBUG [opeLifecycleListener] Registering lifecycle listeners for br.com.caelum.vraptor.view.DefaultLogicResult
23:06:26,098 DEBUG [opeLifecycleListener] Registering lifecycle listeners for br.com.caelum.vraptor.http.iogi.VRaptorParameterNamesProvider
23:06:26,099 DEBUG [opeLifecycleListener] Registering lifecycle listeners for br.com.caelum.vraptor.interceptor.download.DownloadInterceptor
23:06:26,099 DEBUG [opeLifecycleListener] Registering lifecycle listeners for br.com.caelum.vraptor.serialization.xstream.XStreamXMLSerialization
23:06:26,100 DEBUG [opeLifecycleListener] Registering lifecycle listeners for br.com.caelum.vraptor.deserialization.XStreamXMLDeserializer
23:06:26,100 DEBUG [opeLifecycleListener] Registering lifecycle listeners for br.com.caelum.vraptor.validator.ReplicatorOutjector
23:06:26,100 DEBUG [opeLifecycleListener] Registering lifecycle listeners for br.com.caelum.vraptor.view.EmptyResult
23:06:26,101 DEBUG [opeLifecycleListener] Registering lifecycle listeners for br.com.caelum.vraptor.serialization.xstream.XStreamJSONPSerialization
23:06:26,101 DEBUG [opeLifecycleListener] Registering lifecycle listeners for br.com.caelum.vraptor.deserialization.JsonDeserializer
23:06:26,101 DEBUG [opeLifecycleListener] Registering lifecycle listeners for br.com.caelum.vraptor.validator.MessageConverter
23:06:26,101 DEBUG [opeLifecycleListener] Registering lifecycle listeners for br.com.caelum.vraptor.interceptor.ExecuteMethodInterceptor
23:06:26,102 DEBUG [opeLifecycleListener] Registering lifecycle listeners for br.com.caelum.vraptor.interceptor.FlashInterceptor
23:06:26,102 DEBUG [opeLifecycleListener] Registering lifecycle listeners for br.com.caelum.vraptor.view.DefaultStatus
23:06:26,102 DEBUG [opeLifecycleListener] Registering lifecycle listeners for br.com.caelum.vraptor.serialization.xstream.XStreamConverters
23:06:26,102 DEBUG [opeLifecycleListener] Registering lifecycle listeners for br.com.caelum.vraptor.serialization.DefaultRepresentationResult
23:06:26,103 DEBUG [opeLifecycleListener] Registering lifecycle listeners for br.com.caelum.vraptor.core.DefaultMethodInfo
23:06:26,103 DEBUG [opeLifecycleListener] Registering lifecycle listeners for br.com.caelum.vraptor.serialization.HTMLSerialization
23:06:26,103 DEBUG [opeLifecycleListener] Registering lifecycle listeners for br.com.caelum.vraptor.validator.DefaultBeanValidator
23:06:26,104 DEBUG [opeLifecycleListener] Registering lifecycle listeners for br.com.caelum.vraptor.core.DefaultResult
23:06:26,104 DEBUG [opeLifecycleListener] Registering lifecycle listeners for br.com.caelum.vraptor.converter.PrimitiveLongConverter
23:06:26,104 DEBUG [opeLifecycleListener] Registering lifecycle listeners for br.com.caelum.vraptor.converter.PrimitiveBooleanConverter
23:06:26,104 DEBUG [opeLifecycleListener] Registering lifecycle listeners for br.com.caelum.vraptor.converter.BigIntegerConverter
23:06:26,104 DEBUG [opeLifecycleListener] Registering lifecycle listeners for br.com.caelum.vraptor.converter.PrimitiveDoubleConverter
23:06:26,105 DEBUG [opeLifecycleListener] Registering lifecycle listeners for br.com.caelum.vraptor.converter.LocaleBasedDateConverter
23:06:26,105 DEBUG [opeLifecycleListener] Registering lifecycle listeners for br.com.caelum.vraptor.converter.ByteConverter
23:06:26,105 DEBUG [opeLifecycleListener] Registering lifecycle listeners for br.com.caelum.vraptor.converter.PrimitiveFloatConverter
23:06:26,105 DEBUG [opeLifecycleListener] Registering lifecycle listeners for br.com.caelum.vraptor.converter.PrimitiveCharConverter
23:06:26,106 DEBUG [opeLifecycleListener] Registering lifecycle listeners for br.com.caelum.vraptor.converter.FloatConverter
23:06:26,106 DEBUG [opeLifecycleListener] Registering lifecycle listeners for br.com.caelum.vraptor.converter.IntegerConverter
23:06:26,106 DEBUG [opeLifecycleListener] Registering lifecycle listeners for br.com.caelum.vraptor.converter.BooleanConverter
23:06:26,106 DEBUG [opeLifecycleListener] Registering lifecycle listeners for br.com.caelum.vraptor.converter.ShortConverter
23:06:26,107 DEBUG [opeLifecycleListener] Registering lifecycle listeners for br.com.caelum.vraptor.converter.LocaleBasedCalendarConverter
23:06:26,107 DEBUG [opeLifecycleListener] Registering lifecycle listeners for br.com.caelum.vraptor.interceptor.multipart.UploadedFileConverter
23:06:26,107 DEBUG [opeLifecycleListener] Registering lifecycle listeners for br.com.caelum.vraptor.converter.PrimitiveShortConverter
23:06:26,107 DEBUG [opeLifecycleListener] Registering lifecycle listeners for br.com.caelum.vraptor.converter.StringConverter
23:06:26,108 DEBUG [opeLifecycleListener] Registering lifecycle listeners for br.com.caelum.vraptor.converter.BigDecimalConverter
23:06:26,108 DEBUG [opeLifecycleListener] Registering lifecycle listeners for br.com.caelum.vraptor.converter.PrimitiveIntConverter
23:06:26,108 DEBUG [opeLifecycleListener] Registering lifecycle listeners for br.com.caelum.vraptor.converter.LongConverter
23:06:26,108 DEBUG [opeLifecycleListener] Registering lifecycle listeners for br.com.caelum.vraptor.converter.PrimitiveByteConverter
23:06:26,108 DEBUG [opeLifecycleListener] Registering lifecycle listeners for br.com.caelum.vraptor.converter.EnumConverter
23:06:26,109 DEBUG [opeLifecycleListener] Registering lifecycle listeners for br.com.caelum.vraptor.converter.DoubleConverter
23:06:26,109 DEBUG [opeLifecycleListener] Registering lifecycle listeners for br.com.caelum.vraptor.converter.CharacterConverter
23:06:26,109 DEBUG [opeLifecycleListener] Registering lifecycle listeners for br.com.caelum.vraptor.ioc.ResourceHandler
23:06:26,109 DEBUG [opeLifecycleListener] Registering lifecycle listeners for br.com.caelum.vraptor.ioc.ConverterHandler
23:06:26,110 DEBUG [opeLifecycleListener] Registering lifecycle listeners for br.com.caelum.vraptor.ioc.InterceptorStereotypeHandler
23:06:26,110 DEBUG [opeLifecycleListener] Registering lifecycle listeners for br.com.caelum.vraptor.deserialization.DeserializesHandler
23:06:26,110 DEBUG [opeLifecycleListener] Registering lifecycle listeners for br.com.caelum.vraptor.serialization.xstream.XStreamJSONSerialization
23:06:26,113 DEBUG [opeLifecycleListener] Registering lifecycle listeners for br.com.caelum.vraptor.ioc.guice.ComponentFactoryProviderAdapter&lt;javax.persistence.EntityManagerFactory&gt;
23:06:26,115 DEBUG [opeLifecycleListener] Registering lifecycle listeners for br.com.caelum.vraptor.ioc.guice.ComponentFactoryProviderAdapter&lt;javax.persistence.EntityManager&gt;
23:06:26,116 DEBUG [opeLifecycleListener] Registering lifecycle listeners for br.com.caelum.vraptor.ioc.guice.ComponentFactoryProviderAdapter&lt;javax.validation.MessageInterpolator&gt;
23:06:26,116 DEBUG [opeLifecycleListener] Registering lifecycle listeners for br.com.caelum.vraptor.ioc.guice.ComponentFactoryProviderAdapter&lt;javax.validation.ValidatorFactory&gt;
23:06:26,117 DEBUG [opeLifecycleListener] Registering lifecycle listeners for br.com.caelum.vraptor.ioc.guice.ComponentFactoryProviderAdapter&lt;javax.validation.Validator&gt;
23:06:26,117 DEBUG [opeLifecycleListener] Registering lifecycle listeners for br.com.caelum.vraptor.ioc.guice.ComponentFactoryProviderAdapter&lt;br.com.caelum.vraptor.http.EncodingHandler&gt;
23:06:26,118 DEBUG [opeLifecycleListener] Registering lifecycle listeners for com.google.inject.Stage
23:06:26,120 DEBUG [opeLifecycleListener] Registering lifecycle listeners for br.com.caelum.vraptor.ioc.guice.AllImplementationsProvider
23:06:26,124 DEBUG [opeLifecycleListener] Registering lifecycle listeners for com.google.inject.multibindings.Multibinder$RealMultibinder
23:06:26,125 DEBUG [opeLifecycleListener] Registering lifecycle listeners for org.eclipse.jetty.servlet.ServletContextHandler$Context
23:06:26,125 DEBUG [opeLifecycleListener] Registering lifecycle listeners for br.com.caelum.vraptor.ioc.guice.VRaptorAbstractModule$1
23:06:26,125 DEBUG [opeLifecycleListener] Registering lifecycle listeners for br.com.caelum.vraptor.ioc.guice.VRaptorAbstractModule$4
23:06:26,125 DEBUG [opeLifecycleListener] Registering lifecycle listeners for br.com.caelum.vraptor.ioc.guice.GuiceProvider$GuiceContainer
23:06:26,125 DEBUG [opeLifecycleListener] Registering lifecycle listeners for br.com.caelum.vraptor.ioc.guice.VRaptorAbstractModule$2
23:06:26,126 DEBUG [opeLifecycleListener] Registering lifecycle listeners for br.com.caelum.vraptor.ioc.guice.GuiceComponentRegistry
23:06:26,126 DEBUG [opeLifecycleListener] Registering lifecycle listeners for br.com.caelum.vraptor.ioc.guice.VRaptorAbstractModule$3
23:06:26,130  WARN [DefaultEnvironment  ] Could not find the file &apos;environment.properties&apos; to load. If you ask for any property, null will be returned
23:06:26,130  WARN [DefaultEnvironment  ] Could not find the file &apos;development.properties&apos; to load. If you ask for any property, null will be returned
23:06:27,512  INFO [DefaultConverters   ] Registering bundled converters
23:06:27,513 DEBUG [DefaultConverters   ] bundled converter to be registered: class br.com.caelum.vraptor.converter.PrimitiveLongConverter
23:06:27,513 DEBUG [DefaultConverters   ] bundled converter to be registered: class br.com.caelum.vraptor.converter.PrimitiveBooleanConverter
23:06:27,513 DEBUG [DefaultConverters   ] bundled converter to be registered: class br.com.caelum.vraptor.converter.BigIntegerConverter
23:06:27,513 DEBUG [DefaultConverters   ] bundled converter to be registered: class br.com.caelum.vraptor.converter.PrimitiveDoubleConverter
23:06:27,513 DEBUG [DefaultConverters   ] bundled converter to be registered: class br.com.caelum.vraptor.converter.LocaleBasedDateConverter
23:06:27,513 DEBUG [DefaultConverters   ] bundled converter to be registered: class br.com.caelum.vraptor.converter.ByteConverter
23:06:27,513 DEBUG [DefaultConverters   ] bundled converter to be registered: class br.com.caelum.vraptor.converter.PrimitiveFloatConverter
23:06:27,513 DEBUG [DefaultConverters   ] bundled converter to be registered: class br.com.caelum.vraptor.converter.PrimitiveCharConverter
23:06:27,513 DEBUG [DefaultConverters   ] bundled converter to be registered: class br.com.caelum.vraptor.converter.FloatConverter
23:06:27,513 DEBUG [DefaultConverters   ] bundled converter to be registered: class br.com.caelum.vraptor.converter.IntegerConverter
23:06:27,514 DEBUG [DefaultConverters   ] bundled converter to be registered: class br.com.caelum.vraptor.converter.BooleanConverter
23:06:27,514 DEBUG [DefaultConverters   ] bundled converter to be registered: class br.com.caelum.vraptor.converter.ShortConverter
23:06:27,514 DEBUG [DefaultConverters   ] bundled converter to be registered: class br.com.caelum.vraptor.converter.LocaleBasedCalendarConverter
23:06:27,514 DEBUG [DefaultConverters   ] bundled converter to be registered: class br.com.caelum.vraptor.interceptor.multipart.UploadedFileConverter
23:06:27,514 DEBUG [DefaultConverters   ] bundled converter to be registered: class br.com.caelum.vraptor.converter.PrimitiveShortConverter
23:06:27,514 DEBUG [DefaultConverters   ] bundled converter to be registered: class br.com.caelum.vraptor.converter.StringConverter
23:06:27,514 DEBUG [DefaultConverters   ] bundled converter to be registered: class br.com.caelum.vraptor.converter.BigDecimalConverter
23:06:27,514 DEBUG [DefaultConverters   ] bundled converter to be registered: class br.com.caelum.vraptor.converter.PrimitiveIntConverter
23:06:27,514 DEBUG [DefaultConverters   ] bundled converter to be registered: class br.com.caelum.vraptor.converter.LongConverter
23:06:27,514 DEBUG [DefaultConverters   ] bundled converter to be registered: class br.com.caelum.vraptor.converter.PrimitiveByteConverter
23:06:27,514 DEBUG [DefaultConverters   ] bundled converter to be registered: class br.com.caelum.vraptor.converter.EnumConverter
23:06:27,514 DEBUG [DefaultConverters   ] bundled converter to be registered: class br.com.caelum.vraptor.converter.DoubleConverter
23:06:27,514 DEBUG [DefaultConverters   ] bundled converter to be registered: class br.com.caelum.vraptor.converter.CharacterConverter
23:06:27,516  INFO [LinkToHandler       ] Registering linkTo component
23:06:27,526 DEBUG [torStereotypeHandler] Found interceptor for class br.com.caelum.vraptor.util.jpa.extra.ParameterLoaderInterceptor
23:06:27,528 DEBUG [torStereotypeHandler] Found interceptor for class br.com.caelum.vraptor.util.jpa.JPATransactionInterceptor
23:06:27,528 DEBUG [ResourceHandler     ] Found resource: class br.com.caelum.vraptor.environment.EnvironmentController
23:06:27,537 DEBUG [aranamerNameProvider] Found parameter names with paranamer for EnvironmentController.list() as []
23:06:27,537 DEBUG [aranamerNameProvider] Found parameter names with paranamer for EnvironmentController.list() as []
23:06:27,538 DEBUG [ultParametersControl] For /admin/environment retrieved /admin/environment with {}
23:06:27,539  INFO [DefaultRouteBuilder ] /admin/environment                                [GET] -&gt; EnvironmentController.list()
23:06:27,541 DEBUG [aranamerNameProvider] Found parameter names with paranamer for EnvironmentController.edit(String, String) as [key, value]
23:06:27,541 DEBUG [aranamerNameProvider] Found parameter names with paranamer for EnvironmentController.edit(String, String) as [key, value]
23:06:27,542 DEBUG [ultParametersControl] For /admin/environment retrieved /admin/environment with {}
23:06:27,542  INFO [DefaultRouteBuilder ] /admin/environment                                [PUT] -&gt; EnvironmentController.edit(String, String)
23:06:27,542 DEBUG [torStereotypeHandler] Found interceptor for class br.com.caelum.vraptor.environment.EnvironmentInterceptor
23:06:27,543 DEBUG [torStereotypeHandler] Found interceptor for class br.com.caelum.vraptor.interceptor.ResourceLookupInterceptor
23:06:27,543 DEBUG [torStereotypeHandler] Found interceptor for interface br.com.caelum.vraptor.interceptor.multipart.MultipartInterceptor
23:06:27,543 DEBUG [torStereotypeHandler] Found interceptor for class br.com.caelum.vraptor.interceptor.ForwardToDefaultViewInterceptor
23:06:27,544 DEBUG [torStereotypeHandler] Found interceptor for class br.com.caelum.vraptor.interceptor.OutjectResult
23:06:27,544 DEBUG [torStereotypeHandler] Found interceptor for class br.com.caelum.vraptor.interceptor.ExceptionHandlerInterceptor
23:06:27,544 DEBUG [torStereotypeHandler] Found interceptor for class br.com.caelum.vraptor.interceptor.InstantiateInterceptor
23:06:27,544 DEBUG [DeserializesHandler ] Ignoring default deserializer class br.com.caelum.vraptor.deserialization.FormDeserializer
23:06:27,544 DEBUG [torStereotypeHandler] Found interceptor for class br.com.caelum.vraptor.interceptor.ParametersInstantiatorInterceptor
23:06:27,544 DEBUG [torStereotypeHandler] Found interceptor for class br.com.caelum.vraptor.interceptor.DeserializingInterceptor
23:06:27,544 DEBUG [torStereotypeHandler] Found interceptor for class br.com.caelum.vraptor.validator.MethodValidatorInterceptor
23:06:27,545 DEBUG [torStereotypeHandler] Found interceptor for class br.com.caelum.vraptor.interceptor.download.DownloadInterceptor
23:06:27,545 DEBUG [DeserializesHandler ] Ignoring default deserializer interface br.com.caelum.vraptor.deserialization.XMLDeserializer
23:06:27,545 DEBUG [DeserializesHandler ] Ignoring default deserializer class br.com.caelum.vraptor.deserialization.JsonDeserializer
23:06:27,545 DEBUG [torStereotypeHandler] Found interceptor for class br.com.caelum.vraptor.interceptor.ExecuteMethodInterceptor
23:06:27,545 DEBUG [torStereotypeHandler] Found interceptor for class br.com.caelum.vraptor.interceptor.FlashInterceptor
23:06:27,546 DEBUG [ConverterHandler    ] Ignoring handling default converter class br.com.caelum.vraptor.converter.PrimitiveLongConverter
23:06:27,546 DEBUG [ConverterHandler    ] Ignoring handling default converter class br.com.caelum.vraptor.converter.PrimitiveBooleanConverter
23:06:27,546 DEBUG [ConverterHandler    ] Ignoring handling default converter class br.com.caelum.vraptor.converter.BigIntegerConverter
23:06:27,547 DEBUG [ConverterHandler    ] Ignoring handling default converter class br.com.caelum.vraptor.converter.PrimitiveDoubleConverter
23:06:27,547 DEBUG [ConverterHandler    ] Ignoring handling default converter class br.com.caelum.vraptor.converter.LocaleBasedDateConverter
23:06:27,547 DEBUG [ConverterHandler    ] Ignoring handling default converter class br.com.caelum.vraptor.converter.ByteConverter
23:06:27,547 DEBUG [ConverterHandler    ] Ignoring handling default converter class br.com.caelum.vraptor.converter.PrimitiveFloatConverter
23:06:27,548 DEBUG [ConverterHandler    ] Ignoring handling default converter class br.com.caelum.vraptor.converter.PrimitiveCharConverter
23:06:27,548 DEBUG [ConverterHandler    ] Ignoring handling default converter class br.com.caelum.vraptor.converter.FloatConverter
23:06:27,548 DEBUG [ConverterHandler    ] Ignoring handling default converter class br.com.caelum.vraptor.converter.IntegerConverter
23:06:27,548 DEBUG [ConverterHandler    ] Ignoring handling default converter class br.com.caelum.vraptor.converter.BooleanConverter
23:06:27,548 DEBUG [ConverterHandler    ] Ignoring handling default converter class br.com.caelum.vraptor.converter.ShortConverter
23:06:27,549 DEBUG [ConverterHandler    ] Ignoring handling default converter class br.com.caelum.vraptor.converter.LocaleBasedCalendarConverter
23:06:27,549 DEBUG [ConverterHandler    ] Ignoring handling default converter class br.com.caelum.vraptor.interceptor.multipart.UploadedFileConverter
23:06:27,549 DEBUG [ConverterHandler    ] Ignoring handling default converter class br.com.caelum.vraptor.converter.PrimitiveShortConverter
23:06:27,549 DEBUG [ConverterHandler    ] Ignoring handling default converter class br.com.caelum.vraptor.converter.StringConverter
23:06:27,549 DEBUG [ConverterHandler    ] Ignoring handling default converter class br.com.caelum.vraptor.converter.BigDecimalConverter
23:06:27,550 DEBUG [ConverterHandler    ] Ignoring handling default converter class br.com.caelum.vraptor.converter.PrimitiveIntConverter
23:06:27,550 DEBUG [ConverterHandler    ] Ignoring handling default converter class br.com.caelum.vraptor.converter.LongConverter
23:06:27,550 DEBUG [ConverterHandler    ] Ignoring handling default converter class br.com.caelum.vraptor.converter.PrimitiveByteConverter
23:06:27,550 DEBUG [ConverterHandler    ] Ignoring handling default converter class br.com.caelum.vraptor.converter.EnumConverter
23:06:27,550 DEBUG [ConverterHandler    ] Ignoring handling default converter class br.com.caelum.vraptor.converter.DoubleConverter
23:06:27,551 DEBUG [ConverterHandler    ] Ignoring handling default converter class br.com.caelum.vraptor.converter.CharacterConverter
23:06:27,556 DEBUG [opeLifecycleListener] Registering lifecycle listeners for br.com.caelum.vraptor.ioc.guice.RequestCustomScope
23:06:27,559 DEBUG [opeLifecycleListener] Registering lifecycle listeners for br.com.caelum.vraptor.ioc.guice.SessionCustomScope
23:06:27,559  INFO [VRaptor             ] VRaptor 3.5.2-SNAPSHOT successfuly initialized
23:06:27,580  INFO [RealVRaptor         ] VRaptor context started
23:06:27,981 DEBUG [VRaptor             ] VRaptor received a new request
23:06:27,997 DEBUG [teInterceptorHandler] Invoking interceptor ResourceLookupInterceptor
23:06:27,997 DEBUG [ltResourceTranslator] trying to access /content
23:06:28,002 DEBUG [VRaptor             ] VRaptor ended the request
</system-out>
  </testcase>
</testsuite>